2023-10-16T09:35:52+00:00 CRITICAL Uncaught Exception: Invalid post. in C:\xampp\htdocs\wordpress\wp-content\plugins\elementor\core\settings\page\manager.php:101
Stack trace:
#0 C:\xampp\htdocs\wordpress\wp-content\plugins\elementor\core\base\document.php(1716): Elementor\Core\Settings\Page\Manager->ajax_before_save_settings(Array, NULL)
#1 C:\xampp\htdocs\wordpress\wp-content\plugins\elementor\core\base\document.php(837): Elementor\Core\Base\Document->save_settings(Array)
#2 C:\xampp\htdocs\wordpress\wp-content\plugins\elementor\core\kits\manager.php(295): Elementor\Core\Base\Document->update_settings(Array)
#3 C:\xampp\htdocs\wordpress\wp-content\plugins\elementor-pro\modules\woocommerce\module.php(860): Elementor\Core\Kits\Manager->update_kit_settings_based_on_option('woocommerce_car...', 827)
#4 C:\xampp\htdocs\wordpress\wp-includes\class-wp-hook.php(312): ElementorPro\Modules\Woocommerce\Module->ElementorPro\Modules\Woocommerce\{closure}('', 827)
#5 C:\xampp\htdocs\wordpress\wp-includes\class-wp-hook.php(334): WP_Hook->apply_filters('', Array)
#6 C:\xampp\htdocs\wordpress\wp-includes\plugin.php(517): WP_Hook->do_action(Array)
#7 C:\xampp\htdocs\wordpress\wp-includes\option.php(581): do_action('update_option_w...', '', 827, 'woocommerce_car...')
#8 C:\xampp\htdocs\wordpress\wp-content\plugins\kadence-starter-templates\class-kadence-starter-templates.php(583): update_option('woocommerce_car...', 827)
#9 C:\xampp\htdocs\wordpress\wp-content\plugins\kadence-starter-templates\class-kadence-starter-templates.php(265): Kadence_Starter_Templates\Starter_Templates->import_demo_woocommerce()
#10 C:\xampp\htdocs\wordpress\wp-includes\class-wp-hook.php(310): Kadence_Starter_Templates\Starter_Templates->kadence_kadence_theme_after_import(Array, '', '')
#11 C:\xampp\htdocs\wordpress\wp-includes\class-wp-hook.php(334): WP_Hook->apply_filters('', Array)
#12 C:\xampp\htdocs\wordpress\wp-includes\plugin.php(517): WP_Hook->do_action(Array)
#13 C:\xampp\htdocs\wordpress\wp-content\plugins\kadence-starter-templates\inc\class-import-actions.php(232): do_action('kadence-starter...', Array, '', '')
#14 C:\xampp\htdocs\wordpress\wp-content\plugins\kadence-starter-templates\inc\class-import-actions.php(216): Kadence_Starter_Templates\ImportActions->do_import_action('kadence-starter...', Array, '', '')
#15 C:\xampp\htdocs\wordpress\wp-includes\class-wp-hook.php(310): Kadence_Starter_Templates\ImportActions->after_import_action(Array, Array, 'g30', '', '')
#16 C:\xampp\htdocs\wordpress\wp-includes\class-wp-hook.php(334): WP_Hook->apply_filters('', Array)
#17 C:\xampp\htdocs\wordpress\wp-includes\plugin.php(517): WP_Hook->do_action(Array)
#18 C:\xampp\htdocs\wordpress\wp-content\plugins\kadence-starter-templates\class-kadence-starter-templates.php(2460): do_action('kadence-starter...', Array, Array, 'g30', '', '')
#19 C:\xampp\htdocs\wordpress\wp-includes\class-wp-hook.php(310): Kadence_Starter_Templates\Starter_Templates->after_all_import_data_ajax_callback('')
#20 C:\xampp\htdocs\wordpress\wp-includes\class-wp-hook.php(334): WP_Hook->apply_filters('', Array)
#21 C:\xampp\htdocs\wordpress\wp-includes\plugin.php(517): WP_Hook->do_action(Array)
#22 C:\xampp\htdocs\wordpress\wp-admin\admin-ajax.php(188): do_action('wp_ajax_kadence...')
#23 {main}
  thrown in C:\xampp\htdocs\wordpress\wp-content\plugins\elementor\core\settings\page\manager.php on line 101

2023-10-16T09:36:19+00:00 CRITICAL Uncaught Exception: Access denied. in C:\xampp\htdocs\wordpress\wp-content\plugins\elementor\core\settings\page\manager.php:105
Stack trace:
#0 C:\xampp\htdocs\wordpress\wp-content\plugins\elementor\core\base\document.php(1716): Elementor\Core\Settings\Page\Manager->ajax_before_save_settings(Array, NULL)
#1 C:\xampp\htdocs\wordpress\wp-content\plugins\elementor\core\base\document.php(837): Elementor\Core\Base\Document->save_settings(Array)
#2 C:\xampp\htdocs\wordpress\wp-content\plugins\elementor\core\kits\manager.php(295): Elementor\Core\Base\Document->update_settings(Array)
#3 C:\xampp\htdocs\wordpress\wp-content\themes\kadence\inc\components\elementor\component.php(407): Elementor\Core\Kits\Manager->update_kit_settings_based_on_option('custom_colors', Array)
#4 C:\xampp\htdocs\wordpress\wp-includes\class-wp-hook.php(310): Kadence\Elementor\Component->elementor_add_theme_colors('')
#5 C:\xampp\htdocs\wordpress\wp-includes\class-wp-hook.php(334): WP_Hook->apply_filters(NULL, Array)
#6 C:\xampp\htdocs\wordpress\wp-includes\plugin.php(517): WP_Hook->do_action(Array)
#7 C:\xampp\htdocs\wordpress\wp-content\plugins\elementor\core\editor\editor.php(161): do_action('elementor/edito...')
#8 C:\xampp\htdocs\wordpress\wp-includes\class-wp-hook.php(310): Elementor\Core\Editor\Editor->init('')
#9 C:\xampp\htdocs\wordpress\wp-includes\class-wp-hook.php(334): WP_Hook->apply_filters('', Array)
#10 C:\xampp\htdocs\wordpress\wp-includes\plugin.php(517): WP_Hook->do_action(Array)
#11 C:\xampp\htdocs\wordpress\wp-admin\admin.php(419): do_action('admin_action_el...')
#12 C:\xampp\htdocs\wordpress\wp-admin\post.php(12): require_once('C:\\xampp\\htdocs...')
#13 {main}
  thrown in C:\xampp\htdocs\wordpress\wp-content\plugins\elementor\core\settings\page\manager.php on line 105

2023-10-16T09:36:30+00:00 CRITICAL Uncaught Exception: Access denied. in C:\xampp\htdocs\wordpress\wp-content\plugins\elementor\core\settings\page\manager.php:105
Stack trace:
#0 C:\xampp\htdocs\wordpress\wp-content\plugins\elementor\core\base\document.php(1716): Elementor\Core\Settings\Page\Manager->ajax_before_save_settings(Array, NULL)
#1 C:\xampp\htdocs\wordpress\wp-content\plugins\elementor\core\base\document.php(837): Elementor\Core\Base\Document->save_settings(Array)
#2 C:\xampp\htdocs\wordpress\wp-content\plugins\elementor\core\kits\manager.php(295): Elementor\Core\Base\Document->update_settings(Array)
#3 C:\xampp\htdocs\wordpress\wp-content\themes\kadence\inc\components\elementor\component.php(407): Elementor\Core\Kits\Manager->update_kit_settings_based_on_option('custom_colors', Array)
#4 C:\xampp\htdocs\wordpress\wp-includes\class-wp-hook.php(310): Kadence\Elementor\Component->elementor_add_theme_colors('')
#5 C:\xampp\htdocs\wordpress\wp-includes\class-wp-hook.php(334): WP_Hook->apply_filters(NULL, Array)
#6 C:\xampp\htdocs\wordpress\wp-includes\plugin.php(517): WP_Hook->do_action(Array)
#7 C:\xampp\htdocs\wordpress\wp-content\plugins\elementor\core\editor\editor.php(161): do_action('elementor/edito...')
#8 C:\xampp\htdocs\wordpress\wp-includes\class-wp-hook.php(310): Elementor\Core\Editor\Editor->init('')
#9 C:\xampp\htdocs\wordpress\wp-includes\class-wp-hook.php(334): WP_Hook->apply_filters('', Array)
#10 C:\xampp\htdocs\wordpress\wp-includes\plugin.php(517): WP_Hook->do_action(Array)
#11 C:\xampp\htdocs\wordpress\wp-admin\admin.php(419): do_action('admin_action_el...')
#12 C:\xampp\htdocs\wordpress\wp-admin\post.php(12): require_once('C:\\xampp\\htdocs...')
#13 {main}
  thrown in C:\xampp\htdocs\wordpress\wp-content\plugins\elementor\core\settings\page\manager.php on line 105

2023-10-16T09:36:38+00:00 CRITICAL Uncaught Exception: Access denied. in C:\xampp\htdocs\wordpress\wp-content\plugins\elementor\core\settings\page\manager.php:105
Stack trace:
#0 C:\xampp\htdocs\wordpress\wp-content\plugins\elementor\core\base\document.php(1716): Elementor\Core\Settings\Page\Manager->ajax_before_save_settings(Array, NULL)
#1 C:\xampp\htdocs\wordpress\wp-content\plugins\elementor\core\base\document.php(837): Elementor\Core\Base\Document->save_settings(Array)
#2 C:\xampp\htdocs\wordpress\wp-content\plugins\elementor\core\kits\manager.php(295): Elementor\Core\Base\Document->update_settings(Array)
#3 C:\xampp\htdocs\wordpress\wp-content\themes\kadence\inc\components\elementor\component.php(407): Elementor\Core\Kits\Manager->update_kit_settings_based_on_option('custom_colors', Array)
#4 C:\xampp\htdocs\wordpress\wp-includes\class-wp-hook.php(310): Kadence\Elementor\Component->elementor_add_theme_colors('')
#5 C:\xampp\htdocs\wordpress\wp-includes\class-wp-hook.php(334): WP_Hook->apply_filters(NULL, Array)
#6 C:\xampp\htdocs\wordpress\wp-includes\plugin.php(517): WP_Hook->do_action(Array)
#7 C:\xampp\htdocs\wordpress\wp-content\plugins\elementor\core\editor\editor.php(161): do_action('elementor/edito...')
#8 C:\xampp\htdocs\wordpress\wp-includes\class-wp-hook.php(310): Elementor\Core\Editor\Editor->init('')
#9 C:\xampp\htdocs\wordpress\wp-includes\class-wp-hook.php(334): WP_Hook->apply_filters('', Array)
#10 C:\xampp\htdocs\wordpress\wp-includes\plugin.php(517): WP_Hook->do_action(Array)
#11 C:\xampp\htdocs\wordpress\wp-admin\admin.php(419): do_action('admin_action_el...')
#12 C:\xampp\htdocs\wordpress\wp-admin\post.php(12): require_once('C:\\xampp\\htdocs...')
#13 {main}
  thrown in C:\xampp\htdocs\wordpress\wp-content\plugins\elementor\core\settings\page\manager.php on line 105

2023-10-16T09:37:32+00:00 CRITICAL Uncaught Exception: Access denied. in C:\xampp\htdocs\wordpress\wp-content\plugins\elementor\core\settings\page\manager.php:105
Stack trace:
#0 C:\xampp\htdocs\wordpress\wp-content\plugins\elementor\core\base\document.php(1716): Elementor\Core\Settings\Page\Manager->ajax_before_save_settings(Array, NULL)
#1 C:\xampp\htdocs\wordpress\wp-content\plugins\elementor\core\base\document.php(837): Elementor\Core\Base\Document->save_settings(Array)
#2 C:\xampp\htdocs\wordpress\wp-content\plugins\elementor\core\kits\manager.php(295): Elementor\Core\Base\Document->update_settings(Array)
#3 C:\xampp\htdocs\wordpress\wp-content\themes\kadence\inc\components\elementor\component.php(407): Elementor\Core\Kits\Manager->update_kit_settings_based_on_option('custom_colors', Array)
#4 C:\xampp\htdocs\wordpress\wp-includes\class-wp-hook.php(310): Kadence\Elementor\Component->elementor_add_theme_colors('')
#5 C:\xampp\htdocs\wordpress\wp-includes\class-wp-hook.php(334): WP_Hook->apply_filters(NULL, Array)
#6 C:\xampp\htdocs\wordpress\wp-includes\plugin.php(517): WP_Hook->do_action(Array)
#7 C:\xampp\htdocs\wordpress\wp-content\plugins\elementor\core\editor\editor.php(161): do_action('elementor/edito...')
#8 C:\xampp\htdocs\wordpress\wp-includes\class-wp-hook.php(310): Elementor\Core\Editor\Editor->init('')
#9 C:\xampp\htdocs\wordpress\wp-includes\class-wp-hook.php(334): WP_Hook->apply_filters('', Array)
#10 C:\xampp\htdocs\wordpress\wp-includes\plugin.php(517): WP_Hook->do_action(Array)
#11 C:\xampp\htdocs\wordpress\wp-admin\admin.php(419): do_action('admin_action_el...')
#12 C:\xampp\htdocs\wordpress\wp-admin\post.php(12): require_once('C:\\xampp\\htdocs...')
#13 {main}
  thrown in C:\xampp\htdocs\wordpress\wp-content\plugins\elementor\core\settings\page\manager.php on line 105

2023-10-16T09:37:51+00:00 CRITICAL Maximum execution time of 120 seconds exceeded in C:\xampp\htdocs\wordpress\wp-includes\Requests\src\Transport\Curl.php on line 510

2023-10-16T09:55:00+00:00 CRITICAL Uncaught Exception: Access denied. in C:\xampp\htdocs\wordpress\wp-content\plugins\elementor\core\settings\page\manager.php:105
Stack trace:
#0 C:\xampp\htdocs\wordpress\wp-content\plugins\elementor\core\base\document.php(1716): Elementor\Core\Settings\Page\Manager->ajax_before_save_settings(Array, NULL)
#1 C:\xampp\htdocs\wordpress\wp-content\plugins\elementor\core\base\document.php(837): Elementor\Core\Base\Document->save_settings(Array)
#2 C:\xampp\htdocs\wordpress\wp-content\plugins\elementor\core\kits\manager.php(295): Elementor\Core\Base\Document->update_settings(Array)
#3 C:\xampp\htdocs\wordpress\wp-content\themes\kadence\inc\components\elementor\component.php(407): Elementor\Core\Kits\Manager->update_kit_settings_based_on_option('custom_colors', Array)
#4 C:\xampp\htdocs\wordpress\wp-includes\class-wp-hook.php(310): Kadence\Elementor\Component->elementor_add_theme_colors('')
#5 C:\xampp\htdocs\wordpress\wp-includes\class-wp-hook.php(334): WP_Hook->apply_filters(NULL, Array)
#6 C:\xampp\htdocs\wordpress\wp-includes\plugin.php(517): WP_Hook->do_action(Array)
#7 C:\xampp\htdocs\wordpress\wp-content\plugins\elementor\core\editor\editor.php(161): do_action('elementor/edito...')
#8 C:\xampp\htdocs\wordpress\wp-includes\class-wp-hook.php(310): Elementor\Core\Editor\Editor->init('')
#9 C:\xampp\htdocs\wordpress\wp-includes\class-wp-hook.php(334): WP_Hook->apply_filters('', Array)
#10 C:\xampp\htdocs\wordpress\wp-includes\plugin.php(517): WP_Hook->do_action(Array)
#11 C:\xampp\htdocs\wordpress\wp-admin\admin.php(419): do_action('admin_action_el...')
#12 C:\xampp\htdocs\wordpress\wp-admin\post.php(12): require_once('C:\\xampp\\htdocs...')
#13 {main}
  thrown in C:\xampp\htdocs\wordpress\wp-content\plugins\elementor\core\settings\page\manager.php on line 105

2023-10-16T09:57:09+00:00 CRITICAL Uncaught Exception: Access denied. in C:\xampp\htdocs\wordpress\wp-content\plugins\elementor\core\settings\page\manager.php:105
Stack trace:
#0 C:\xampp\htdocs\wordpress\wp-content\plugins\elementor\core\base\document.php(1716): Elementor\Core\Settings\Page\Manager->ajax_before_save_settings(Array, NULL)
#1 C:\xampp\htdocs\wordpress\wp-content\plugins\elementor\core\base\document.php(837): Elementor\Core\Base\Document->save_settings(Array)
#2 C:\xampp\htdocs\wordpress\wp-content\plugins\elementor\core\kits\manager.php(295): Elementor\Core\Base\Document->update_settings(Array)
#3 C:\xampp\htdocs\wordpress\wp-content\themes\kadence\inc\components\elementor\component.php(407): Elementor\Core\Kits\Manager->update_kit_settings_based_on_option('custom_colors', Array)
#4 C:\xampp\htdocs\wordpress\wp-includes\class-wp-hook.php(310): Kadence\Elementor\Component->elementor_add_theme_colors('')
#5 C:\xampp\htdocs\wordpress\wp-includes\class-wp-hook.php(334): WP_Hook->apply_filters(NULL, Array)
#6 C:\xampp\htdocs\wordpress\wp-includes\plugin.php(517): WP_Hook->do_action(Array)
#7 C:\xampp\htdocs\wordpress\wp-content\plugins\elementor\core\editor\editor.php(161): do_action('elementor/edito...')
#8 C:\xampp\htdocs\wordpress\wp-includes\class-wp-hook.php(310): Elementor\Core\Editor\Editor->init('')
#9 C:\xampp\htdocs\wordpress\wp-includes\class-wp-hook.php(334): WP_Hook->apply_filters('', Array)
#10 C:\xampp\htdocs\wordpress\wp-includes\plugin.php(517): WP_Hook->do_action(Array)
#11 C:\xampp\htdocs\wordpress\wp-admin\admin.php(419): do_action('admin_action_el...')
#12 C:\xampp\htdocs\wordpress\wp-admin\post.php(12): require_once('C:\\xampp\\htdocs...')
#13 {main}
  thrown in C:\xampp\htdocs\wordpress\wp-content\plugins\elementor\core\settings\page\manager.php on line 105

2023-10-16T09:57:33+00:00 CRITICAL Uncaught Exception: Access denied. in C:\xampp\htdocs\wordpress\wp-content\plugins\elementor\core\settings\page\manager.php:105
Stack trace:
#0 C:\xampp\htdocs\wordpress\wp-content\plugins\elementor\core\base\document.php(1716): Elementor\Core\Settings\Page\Manager->ajax_before_save_settings(Array, NULL)
#1 C:\xampp\htdocs\wordpress\wp-content\plugins\elementor\core\base\document.php(837): Elementor\Core\Base\Document->save_settings(Array)
#2 C:\xampp\htdocs\wordpress\wp-content\plugins\elementor\core\kits\manager.php(295): Elementor\Core\Base\Document->update_settings(Array)
#3 C:\xampp\htdocs\wordpress\wp-content\themes\kadence\inc\components\elementor\component.php(407): Elementor\Core\Kits\Manager->update_kit_settings_based_on_option('custom_colors', Array)
#4 C:\xampp\htdocs\wordpress\wp-includes\class-wp-hook.php(310): Kadence\Elementor\Component->elementor_add_theme_colors('')
#5 C:\xampp\htdocs\wordpress\wp-includes\class-wp-hook.php(334): WP_Hook->apply_filters(NULL, Array)
#6 C:\xampp\htdocs\wordpress\wp-includes\plugin.php(517): WP_Hook->do_action(Array)
#7 C:\xampp\htdocs\wordpress\wp-content\plugins\elementor\core\editor\editor.php(161): do_action('elementor/edito...')
#8 C:\xampp\htdocs\wordpress\wp-includes\class-wp-hook.php(310): Elementor\Core\Editor\Editor->init('')
#9 C:\xampp\htdocs\wordpress\wp-includes\class-wp-hook.php(334): WP_Hook->apply_filters('', Array)
#10 C:\xampp\htdocs\wordpress\wp-includes\plugin.php(517): WP_Hook->do_action(Array)
#11 C:\xampp\htdocs\wordpress\wp-admin\admin.php(419): do_action('admin_action_el...')
#12 C:\xampp\htdocs\wordpress\wp-admin\post.php(12): require_once('C:\\xampp\\htdocs...')
#13 {main}
  thrown in C:\xampp\htdocs\wordpress\wp-content\plugins\elementor\core\settings\page\manager.php on line 105

2023-10-16T09:57:51+00:00 CRITICAL Uncaught Exception: Access denied. in C:\xampp\htdocs\wordpress\wp-content\plugins\elementor\core\settings\page\manager.php:105
Stack trace:
#0 C:\xampp\htdocs\wordpress\wp-content\plugins\elementor\core\base\document.php(1716): Elementor\Core\Settings\Page\Manager->ajax_before_save_settings(Array, NULL)
#1 C:\xampp\htdocs\wordpress\wp-content\plugins\elementor\core\base\document.php(837): Elementor\Core\Base\Document->save_settings(Array)
#2 C:\xampp\htdocs\wordpress\wp-content\plugins\elementor\core\kits\manager.php(295): Elementor\Core\Base\Document->update_settings(Array)
#3 C:\xampp\htdocs\wordpress\wp-content\themes\kadence\inc\components\elementor\component.php(407): Elementor\Core\Kits\Manager->update_kit_settings_based_on_option('custom_colors', Array)
#4 C:\xampp\htdocs\wordpress\wp-includes\class-wp-hook.php(310): Kadence\Elementor\Component->elementor_add_theme_colors('')
#5 C:\xampp\htdocs\wordpress\wp-includes\class-wp-hook.php(334): WP_Hook->apply_filters(NULL, Array)
#6 C:\xampp\htdocs\wordpress\wp-includes\plugin.php(517): WP_Hook->do_action(Array)
#7 C:\xampp\htdocs\wordpress\wp-content\plugins\elementor\core\editor\editor.php(161): do_action('elementor/edito...')
#8 C:\xampp\htdocs\wordpress\wp-includes\class-wp-hook.php(310): Elementor\Core\Editor\Editor->init('')
#9 C:\xampp\htdocs\wordpress\wp-includes\class-wp-hook.php(334): WP_Hook->apply_filters('', Array)
#10 C:\xampp\htdocs\wordpress\wp-includes\plugin.php(517): WP_Hook->do_action(Array)
#11 C:\xampp\htdocs\wordpress\wp-admin\admin.php(419): do_action('admin_action_el...')
#12 C:\xampp\htdocs\wordpress\wp-admin\post.php(12): require_once('C:\\xampp\\htdocs...')
#13 {main}
  thrown in C:\xampp\htdocs\wordpress\wp-content\plugins\elementor\core\settings\page\manager.php on line 105

2023-10-16T09:59:51+00:00 CRITICAL Uncaught Exception: Access denied. in C:\xampp\htdocs\wordpress\wp-content\plugins\elementor\core\settings\page\manager.php:105
Stack trace:
#0 C:\xampp\htdocs\wordpress\wp-content\plugins\elementor\core\base\document.php(1716): Elementor\Core\Settings\Page\Manager->ajax_before_save_settings(Array, NULL)
#1 C:\xampp\htdocs\wordpress\wp-content\plugins\elementor\core\base\document.php(837): Elementor\Core\Base\Document->save_settings(Array)
#2 C:\xampp\htdocs\wordpress\wp-content\plugins\elementor\core\kits\manager.php(295): Elementor\Core\Base\Document->update_settings(Array)
#3 C:\xampp\htdocs\wordpress\wp-content\themes\kadence\inc\components\elementor\component.php(407): Elementor\Core\Kits\Manager->update_kit_settings_based_on_option('custom_colors', Array)
#4 C:\xampp\htdocs\wordpress\wp-includes\class-wp-hook.php(310): Kadence\Elementor\Component->elementor_add_theme_colors('')
#5 C:\xampp\htdocs\wordpress\wp-includes\class-wp-hook.php(334): WP_Hook->apply_filters(NULL, Array)
#6 C:\xampp\htdocs\wordpress\wp-includes\plugin.php(517): WP_Hook->do_action(Array)
#7 C:\xampp\htdocs\wordpress\wp-content\plugins\elementor\core\editor\editor.php(161): do_action('elementor/edito...')
#8 C:\xampp\htdocs\wordpress\wp-includes\class-wp-hook.php(310): Elementor\Core\Editor\Editor->init('')
#9 C:\xampp\htdocs\wordpress\wp-includes\class-wp-hook.php(334): WP_Hook->apply_filters('', Array)
#10 C:\xampp\htdocs\wordpress\wp-includes\plugin.php(517): WP_Hook->do_action(Array)
#11 C:\xampp\htdocs\wordpress\wp-admin\admin.php(419): do_action('admin_action_el...')
#12 C:\xampp\htdocs\wordpress\wp-admin\post.php(12): require_once('C:\\xampp\\htdocs...')
#13 {main}
  thrown in C:\xampp\htdocs\wordpress\wp-content\plugins\elementor\core\settings\page\manager.php on line 105

2023-10-16T10:01:10+00:00 CRITICAL Uncaught Exception: Access denied. in C:\xampp\htdocs\wordpress\wp-content\plugins\elementor\core\settings\page\manager.php:105
Stack trace:
#0 C:\xampp\htdocs\wordpress\wp-content\plugins\elementor\core\base\document.php(1716): Elementor\Core\Settings\Page\Manager->ajax_before_save_settings(Array, NULL)
#1 C:\xampp\htdocs\wordpress\wp-content\plugins\elementor\core\base\document.php(837): Elementor\Core\Base\Document->save_settings(Array)
#2 C:\xampp\htdocs\wordpress\wp-content\plugins\elementor\core\kits\manager.php(295): Elementor\Core\Base\Document->update_settings(Array)
#3 C:\xampp\htdocs\wordpress\wp-content\themes\kadence\inc\components\elementor\component.php(407): Elementor\Core\Kits\Manager->update_kit_settings_based_on_option('custom_colors', Array)
#4 C:\xampp\htdocs\wordpress\wp-includes\class-wp-hook.php(310): Kadence\Elementor\Component->elementor_add_theme_colors('')
#5 C:\xampp\htdocs\wordpress\wp-includes\class-wp-hook.php(334): WP_Hook->apply_filters(NULL, Array)
#6 C:\xampp\htdocs\wordpress\wp-includes\plugin.php(517): WP_Hook->do_action(Array)
#7 C:\xampp\htdocs\wordpress\wp-content\plugins\elementor\core\editor\editor.php(161): do_action('elementor/edito...')
#8 C:\xampp\htdocs\wordpress\wp-includes\class-wp-hook.php(310): Elementor\Core\Editor\Editor->init('')
#9 C:\xampp\htdocs\wordpress\wp-includes\class-wp-hook.php(334): WP_Hook->apply_filters('', Array)
#10 C:\xampp\htdocs\wordpress\wp-includes\plugin.php(517): WP_Hook->do_action(Array)
#11 C:\xampp\htdocs\wordpress\wp-admin\admin.php(419): do_action('admin_action_el...')
#12 C:\xampp\htdocs\wordpress\wp-admin\post.php(12): require_once('C:\\xampp\\htdocs...')
#13 {main}
  thrown in C:\xampp\htdocs\wordpress\wp-content\plugins\elementor\core\settings\page\manager.php on line 105

2023-10-16T10:28:59+00:00 CRITICAL Uncaught Exception: Access denied. in C:\xampp\htdocs\wordpress\wp-content\plugins\elementor\core\settings\page\manager.php:105
Stack trace:
#0 C:\xampp\htdocs\wordpress\wp-content\plugins\elementor\core\base\document.php(1716): Elementor\Core\Settings\Page\Manager->ajax_before_save_settings(Array, NULL)
#1 C:\xampp\htdocs\wordpress\wp-content\plugins\elementor\core\base\document.php(837): Elementor\Core\Base\Document->save_settings(Array)
#2 C:\xampp\htdocs\wordpress\wp-content\plugins\elementor\core\kits\manager.php(295): Elementor\Core\Base\Document->update_settings(Array)
#3 C:\xampp\htdocs\wordpress\wp-content\themes\kadence\inc\components\elementor\component.php(407): Elementor\Core\Kits\Manager->update_kit_settings_based_on_option('custom_colors', Array)
#4 C:\xampp\htdocs\wordpress\wp-includes\class-wp-hook.php(310): Kadence\Elementor\Component->elementor_add_theme_colors('')
#5 C:\xampp\htdocs\wordpress\wp-includes\class-wp-hook.php(334): WP_Hook->apply_filters(NULL, Array)
#6 C:\xampp\htdocs\wordpress\wp-includes\plugin.php(517): WP_Hook->do_action(Array)
#7 C:\xampp\htdocs\wordpress\wp-content\plugins\elementor\core\editor\editor.php(161): do_action('elementor/edito...')
#8 C:\xampp\htdocs\wordpress\wp-includes\class-wp-hook.php(310): Elementor\Core\Editor\Editor->init('')
#9 C:\xampp\htdocs\wordpress\wp-includes\class-wp-hook.php(334): WP_Hook->apply_filters('', Array)
#10 C:\xampp\htdocs\wordpress\wp-includes\plugin.php(517): WP_Hook->do_action(Array)
#11 C:\xampp\htdocs\wordpress\wp-admin\admin.php(419): do_action('admin_action_el...')
#12 C:\xampp\htdocs\wordpress\wp-admin\post.php(12): require_once('C:\\xampp\\htdocs...')
#13 {main}
  thrown in C:\xampp\htdocs\wordpress\wp-content\plugins\elementor\core\settings\page\manager.php on line 105

